# Logfile created on 2018-03-07 01:13:13 +0200 by logger.rb/56815
D, [2018-03-07T01:13:13.498586 #32771] DEBUG -- : 
D, [2018-03-07T01:13:13.498714 #32771] DEBUG -- : 
I, [2018-03-07T01:13:13.498966 #32771]  INFO -- : Started POST "/mailgun" for 127.0.0.1 at 2018-03-07 01:13:13 +0200
F, [2018-03-07T01:13:13.500152 #32771] FATAL -- : 
ActionController::RoutingError (No route matches [POST] "/mailgun"):
  actionpack (4.2.10) lib/action_dispatch/middleware/debug_exceptions.rb:21:in `call'
  actionpack (4.2.10) lib/action_dispatch/middleware/show_exceptions.rb:30:in `call'
  railties (4.2.10) lib/rails/rack/logger.rb:38:in `call_app'
  railties (4.2.10) lib/rails/rack/logger.rb:22:in `call'
  actionpack (4.2.10) lib/action_dispatch/middleware/request_id.rb:21:in `call'
  rack (1.6.9) lib/rack/methodoverride.rb:22:in `call'
  rack (1.6.9) lib/rack/runtime.rb:18:in `call'
  rack (1.6.9) lib/rack/lock.rb:17:in `call'
  actionpack (4.2.10) lib/action_dispatch/middleware/static.rb:120:in `call'
  rack (1.6.9) lib/rack/sendfile.rb:113:in `call'
  railties (4.2.10) lib/rails/engine.rb:518:in `call'
  railties (4.2.10) lib/rails/application.rb:165:in `call'
  railties (4.2.10) lib/rails/railtie.rb:194:in `public_send'
  railties (4.2.10) lib/rails/railtie.rb:194:in `method_missing'
  rack-test (0.6.3) lib/rack/mock_session.rb:30:in `request'
  rack-test (0.6.3) lib/rack/test.rb:244:in `process_request'
  rack-test (0.6.3) lib/rack/test.rb:67:in `post'
  spec/integration/rails/rails_spec.rb:21:in `block (2 levels) in <top (required)>'
  rspec-core (3.7.1) lib/rspec/core/example.rb:447:in `instance_exec'
  rspec-core (3.7.1) lib/rspec/core/example.rb:447:in `instance_exec'
  rspec-core (3.7.1) lib/rspec/core/hooks.rb:350:in `run'
  rspec-core (3.7.1) lib/rspec/core/hooks.rb:509:in `block in run_owned_hooks_for'
  rspec-core (3.7.1) lib/rspec/core/hooks.rb:508:in `each'
  rspec-core (3.7.1) lib/rspec/core/hooks.rb:508:in `run_owned_hooks_for'
  rspec-core (3.7.1) lib/rspec/core/hooks.rb:595:in `block in run_example_hooks_for'
  rspec-core (3.7.1) lib/rspec/core/hooks.rb:594:in `reverse_each'
  rspec-core (3.7.1) lib/rspec/core/hooks.rb:594:in `run_example_hooks_for'
  rspec-core (3.7.1) lib/rspec/core/hooks.rb:464:in `run'
  rspec-core (3.7.1) lib/rspec/core/example.rb:494:in `run_before_example'
  rspec-core (3.7.1) lib/rspec/core/example.rb:253:in `block in run'
  rspec-core (3.7.1) lib/rspec/core/example.rb:500:in `block in with_around_and_singleton_context_hooks'
  rspec-core (3.7.1) lib/rspec/core/example.rb:457:in `block in with_around_example_hooks'
  rspec-core (3.7.1) lib/rspec/core/hooks.rb:466:in `block in run'
  rspec-core (3.7.1) lib/rspec/core/hooks.rb:604:in `run_around_example_hooks_for'
  rspec-core (3.7.1) lib/rspec/core/hooks.rb:466:in `run'
  rspec-core (3.7.1) lib/rspec/core/example.rb:457:in `with_around_example_hooks'
  rspec-core (3.7.1) lib/rspec/core/example.rb:500:in `with_around_and_singleton_context_hooks'
  rspec-core (3.7.1) lib/rspec/core/example.rb:251:in `run'
  rspec-core (3.7.1) lib/rspec/core/example_group.rb:628:in `block in run_examples'
  rspec-core (3.7.1) lib/rspec/core/example_group.rb:624:in `map'
  rspec-core (3.7.1) lib/rspec/core/example_group.rb:624:in `run_examples'
  rspec-core (3.7.1) lib/rspec/core/example_group.rb:590:in `run'
  rspec-core (3.7.1) lib/rspec/core/runner.rb:118:in `block (3 levels) in run_specs'
  rspec-core (3.7.1) lib/rspec/core/runner.rb:118:in `map'
  rspec-core (3.7.1) lib/rspec/core/runner.rb:118:in `block (2 levels) in run_specs'
  rspec-core (3.7.1) lib/rspec/core/configuration.rb:1926:in `with_suite_hooks'
  rspec-core (3.7.1) lib/rspec/core/runner.rb:113:in `block in run_specs'
  rspec-core (3.7.1) lib/rspec/core/reporter.rb:79:in `report'
  rspec-core (3.7.1) lib/rspec/core/runner.rb:112:in `run_specs'
  rspec-core (3.7.1) lib/rspec/core/runner.rb:87:in `run'
  rspec-core (3.7.1) lib/rspec/core/runner.rb:71:in `run'
  rspec-core (3.7.1) lib/rspec/core/runner.rb:45:in `invoke'
  rspec-core (3.7.1) exe/rspec:4:in `<main>'


D, [2018-03-07T01:14:31.696241 #32802] DEBUG -- : 
D, [2018-03-07T01:14:31.696350 #32802] DEBUG -- : 
I, [2018-03-07T01:14:31.696451 #32802]  INFO -- : Started POST "/mailgun" for 127.0.0.1 at 2018-03-07 01:14:31 +0200
F, [2018-03-07T01:14:31.697266 #32802] FATAL -- : 
ActionController::RoutingError (No route matches [POST] "/mailgun"):
  actionpack (4.2.10) lib/action_dispatch/middleware/debug_exceptions.rb:21:in `call'
  actionpack (4.2.10) lib/action_dispatch/middleware/show_exceptions.rb:30:in `call'
  railties (4.2.10) lib/rails/rack/logger.rb:38:in `call_app'
  railties (4.2.10) lib/rails/rack/logger.rb:22:in `call'
  actionpack (4.2.10) lib/action_dispatch/middleware/request_id.rb:21:in `call'
  rack (1.6.9) lib/rack/methodoverride.rb:22:in `call'
  rack (1.6.9) lib/rack/runtime.rb:18:in `call'
  rack (1.6.9) lib/rack/lock.rb:17:in `call'
  actionpack (4.2.10) lib/action_dispatch/middleware/static.rb:120:in `call'
  rack (1.6.9) lib/rack/sendfile.rb:113:in `call'
  railties (4.2.10) lib/rails/engine.rb:518:in `call'
  railties (4.2.10) lib/rails/application.rb:165:in `call'
  railties (4.2.10) lib/rails/railtie.rb:194:in `public_send'
  railties (4.2.10) lib/rails/railtie.rb:194:in `method_missing'
  rack-test (0.6.3) lib/rack/mock_session.rb:30:in `request'
  rack-test (0.6.3) lib/rack/test.rb:244:in `process_request'
  rack-test (0.6.3) lib/rack/test.rb:67:in `post'
  spec/integration/rails/rails_spec.rb:21:in `block (2 levels) in <top (required)>'
  rspec-core (3.7.1) lib/rspec/core/example.rb:447:in `instance_exec'
  rspec-core (3.7.1) lib/rspec/core/example.rb:447:in `instance_exec'
  rspec-core (3.7.1) lib/rspec/core/hooks.rb:350:in `run'
  rspec-core (3.7.1) lib/rspec/core/hooks.rb:509:in `block in run_owned_hooks_for'
  rspec-core (3.7.1) lib/rspec/core/hooks.rb:508:in `each'
  rspec-core (3.7.1) lib/rspec/core/hooks.rb:508:in `run_owned_hooks_for'
  rspec-core (3.7.1) lib/rspec/core/hooks.rb:595:in `block in run_example_hooks_for'
  rspec-core (3.7.1) lib/rspec/core/hooks.rb:594:in `reverse_each'
  rspec-core (3.7.1) lib/rspec/core/hooks.rb:594:in `run_example_hooks_for'
  rspec-core (3.7.1) lib/rspec/core/hooks.rb:464:in `run'
  rspec-core (3.7.1) lib/rspec/core/example.rb:494:in `run_before_example'
  rspec-core (3.7.1) lib/rspec/core/example.rb:253:in `block in run'
  rspec-core (3.7.1) lib/rspec/core/example.rb:500:in `block in with_around_and_singleton_context_hooks'
  rspec-core (3.7.1) lib/rspec/core/example.rb:457:in `block in with_around_example_hooks'
  rspec-core (3.7.1) lib/rspec/core/hooks.rb:466:in `block in run'
  rspec-core (3.7.1) lib/rspec/core/hooks.rb:604:in `run_around_example_hooks_for'
  rspec-core (3.7.1) lib/rspec/core/hooks.rb:466:in `run'
  rspec-core (3.7.1) lib/rspec/core/example.rb:457:in `with_around_example_hooks'
  rspec-core (3.7.1) lib/rspec/core/example.rb:500:in `with_around_and_singleton_context_hooks'
  rspec-core (3.7.1) lib/rspec/core/example.rb:251:in `run'
  rspec-core (3.7.1) lib/rspec/core/example_group.rb:628:in `block in run_examples'
  rspec-core (3.7.1) lib/rspec/core/example_group.rb:624:in `map'
  rspec-core (3.7.1) lib/rspec/core/example_group.rb:624:in `run_examples'
  rspec-core (3.7.1) lib/rspec/core/example_group.rb:590:in `run'
  rspec-core (3.7.1) lib/rspec/core/runner.rb:118:in `block (3 levels) in run_specs'
  rspec-core (3.7.1) lib/rspec/core/runner.rb:118:in `map'
  rspec-core (3.7.1) lib/rspec/core/runner.rb:118:in `block (2 levels) in run_specs'
  rspec-core (3.7.1) lib/rspec/core/configuration.rb:1926:in `with_suite_hooks'
  rspec-core (3.7.1) lib/rspec/core/runner.rb:113:in `block in run_specs'
  rspec-core (3.7.1) lib/rspec/core/reporter.rb:79:in `report'
  rspec-core (3.7.1) lib/rspec/core/runner.rb:112:in `run_specs'
  rspec-core (3.7.1) lib/rspec/core/runner.rb:87:in `run'
  rspec-core (3.7.1) lib/rspec/core/runner.rb:71:in `run'
  rspec-core (3.7.1) lib/rspec/core/runner.rb:45:in `invoke'
  rspec-core (3.7.1) exe/rspec:4:in `<main>'


D, [2018-03-07T01:14:55.798004 #32812] DEBUG -- : 
D, [2018-03-07T01:14:55.798462 #32812] DEBUG -- : 
I, [2018-03-07T01:14:55.798587 #32812]  INFO -- : Started POST "/mailgun" for 127.0.0.1 at 2018-03-07 01:14:55 +0200
F, [2018-03-07T01:14:55.799387 #32812] FATAL -- : 
ActionController::RoutingError (No route matches [POST] "/mailgun"):
  actionpack (4.2.10) lib/action_dispatch/middleware/debug_exceptions.rb:21:in `call'
  actionpack (4.2.10) lib/action_dispatch/middleware/show_exceptions.rb:30:in `call'
  railties (4.2.10) lib/rails/rack/logger.rb:38:in `call_app'
  railties (4.2.10) lib/rails/rack/logger.rb:22:in `call'
  actionpack (4.2.10) lib/action_dispatch/middleware/request_id.rb:21:in `call'
  rack (1.6.9) lib/rack/methodoverride.rb:22:in `call'
  rack (1.6.9) lib/rack/runtime.rb:18:in `call'
  rack (1.6.9) lib/rack/lock.rb:17:in `call'
  actionpack (4.2.10) lib/action_dispatch/middleware/static.rb:120:in `call'
  rack (1.6.9) lib/rack/sendfile.rb:113:in `call'
  railties (4.2.10) lib/rails/engine.rb:518:in `call'
  railties (4.2.10) lib/rails/application.rb:165:in `call'
  railties (4.2.10) lib/rails/railtie.rb:194:in `public_send'
  railties (4.2.10) lib/rails/railtie.rb:194:in `method_missing'
  rack-test (0.6.3) lib/rack/mock_session.rb:30:in `request'
  rack-test (0.6.3) lib/rack/test.rb:244:in `process_request'
  rack-test (0.6.3) lib/rack/test.rb:67:in `post'
  spec/integration/rails/rails_spec.rb:21:in `block (2 levels) in <top (required)>'
  rspec-core (3.7.1) lib/rspec/core/example.rb:447:in `instance_exec'
  rspec-core (3.7.1) lib/rspec/core/example.rb:447:in `instance_exec'
  rspec-core (3.7.1) lib/rspec/core/hooks.rb:350:in `run'
  rspec-core (3.7.1) lib/rspec/core/hooks.rb:509:in `block in run_owned_hooks_for'
  rspec-core (3.7.1) lib/rspec/core/hooks.rb:508:in `each'
  rspec-core (3.7.1) lib/rspec/core/hooks.rb:508:in `run_owned_hooks_for'
  rspec-core (3.7.1) lib/rspec/core/hooks.rb:595:in `block in run_example_hooks_for'
  rspec-core (3.7.1) lib/rspec/core/hooks.rb:594:in `reverse_each'
  rspec-core (3.7.1) lib/rspec/core/hooks.rb:594:in `run_example_hooks_for'
  rspec-core (3.7.1) lib/rspec/core/hooks.rb:464:in `run'
  rspec-core (3.7.1) lib/rspec/core/example.rb:494:in `run_before_example'
  rspec-core (3.7.1) lib/rspec/core/example.rb:253:in `block in run'
  rspec-core (3.7.1) lib/rspec/core/example.rb:500:in `block in with_around_and_singleton_context_hooks'
  rspec-core (3.7.1) lib/rspec/core/example.rb:457:in `block in with_around_example_hooks'
  rspec-core (3.7.1) lib/rspec/core/hooks.rb:466:in `block in run'
  rspec-core (3.7.1) lib/rspec/core/hooks.rb:604:in `run_around_example_hooks_for'
  rspec-core (3.7.1) lib/rspec/core/hooks.rb:466:in `run'
  rspec-core (3.7.1) lib/rspec/core/example.rb:457:in `with_around_example_hooks'
  rspec-core (3.7.1) lib/rspec/core/example.rb:500:in `with_around_and_singleton_context_hooks'
  rspec-core (3.7.1) lib/rspec/core/example.rb:251:in `run'
  rspec-core (3.7.1) lib/rspec/core/example_group.rb:628:in `block in run_examples'
  rspec-core (3.7.1) lib/rspec/core/example_group.rb:624:in `map'
  rspec-core (3.7.1) lib/rspec/core/example_group.rb:624:in `run_examples'
  rspec-core (3.7.1) lib/rspec/core/example_group.rb:590:in `run'
  rspec-core (3.7.1) lib/rspec/core/runner.rb:118:in `block (3 levels) in run_specs'
  rspec-core (3.7.1) lib/rspec/core/runner.rb:118:in `map'
  rspec-core (3.7.1) lib/rspec/core/runner.rb:118:in `block (2 levels) in run_specs'
  rspec-core (3.7.1) lib/rspec/core/configuration.rb:1926:in `with_suite_hooks'
  rspec-core (3.7.1) lib/rspec/core/runner.rb:113:in `block in run_specs'
  rspec-core (3.7.1) lib/rspec/core/reporter.rb:79:in `report'
  rspec-core (3.7.1) lib/rspec/core/runner.rb:112:in `run_specs'
  rspec-core (3.7.1) lib/rspec/core/runner.rb:87:in `run'
  rspec-core (3.7.1) lib/rspec/core/runner.rb:71:in `run'
  rspec-core (3.7.1) lib/rspec/core/runner.rb:45:in `invoke'
  rspec-core (3.7.1) exe/rspec:4:in `<main>'


D, [2018-03-07T01:15:27.285535 #32821] DEBUG -- : 
D, [2018-03-07T01:15:27.285625 #32821] DEBUG -- : 
I, [2018-03-07T01:15:27.285744 #32821]  INFO -- : Started POST "/mailgun" for 127.0.0.1 at 2018-03-07 01:15:27 +0200
F, [2018-03-07T01:15:27.286660 #32821] FATAL -- : 
ActionController::RoutingError (No route matches [POST] "/mailgun"):
  actionpack (4.2.10) lib/action_dispatch/middleware/debug_exceptions.rb:21:in `call'
  actionpack (4.2.10) lib/action_dispatch/middleware/show_exceptions.rb:30:in `call'
  railties (4.2.10) lib/rails/rack/logger.rb:38:in `call_app'
  railties (4.2.10) lib/rails/rack/logger.rb:22:in `call'
  actionpack (4.2.10) lib/action_dispatch/middleware/request_id.rb:21:in `call'
  rack (1.6.9) lib/rack/methodoverride.rb:22:in `call'
  rack (1.6.9) lib/rack/runtime.rb:18:in `call'
  rack (1.6.9) lib/rack/lock.rb:17:in `call'
  actionpack (4.2.10) lib/action_dispatch/middleware/static.rb:120:in `call'
  rack (1.6.9) lib/rack/sendfile.rb:113:in `call'
  railties (4.2.10) lib/rails/engine.rb:518:in `call'
  railties (4.2.10) lib/rails/application.rb:165:in `call'
  railties (4.2.10) lib/rails/railtie.rb:194:in `public_send'
  railties (4.2.10) lib/rails/railtie.rb:194:in `method_missing'
  rack-test (0.6.3) lib/rack/mock_session.rb:30:in `request'
  rack-test (0.6.3) lib/rack/test.rb:244:in `process_request'
  rack-test (0.6.3) lib/rack/test.rb:67:in `post'
  spec/integration/rails/rails_spec.rb:21:in `block (2 levels) in <top (required)>'
  rspec-core (3.7.1) lib/rspec/core/example.rb:447:in `instance_exec'
  rspec-core (3.7.1) lib/rspec/core/example.rb:447:in `instance_exec'
  rspec-core (3.7.1) lib/rspec/core/hooks.rb:350:in `run'
  rspec-core (3.7.1) lib/rspec/core/hooks.rb:509:in `block in run_owned_hooks_for'
  rspec-core (3.7.1) lib/rspec/core/hooks.rb:508:in `each'
  rspec-core (3.7.1) lib/rspec/core/hooks.rb:508:in `run_owned_hooks_for'
  rspec-core (3.7.1) lib/rspec/core/hooks.rb:595:in `block in run_example_hooks_for'
  rspec-core (3.7.1) lib/rspec/core/hooks.rb:594:in `reverse_each'
  rspec-core (3.7.1) lib/rspec/core/hooks.rb:594:in `run_example_hooks_for'
  rspec-core (3.7.1) lib/rspec/core/hooks.rb:464:in `run'
  rspec-core (3.7.1) lib/rspec/core/example.rb:494:in `run_before_example'
  rspec-core (3.7.1) lib/rspec/core/example.rb:253:in `block in run'
  rspec-core (3.7.1) lib/rspec/core/example.rb:500:in `block in with_around_and_singleton_context_hooks'
  rspec-core (3.7.1) lib/rspec/core/example.rb:457:in `block in with_around_example_hooks'
  rspec-core (3.7.1) lib/rspec/core/hooks.rb:466:in `block in run'
  rspec-core (3.7.1) lib/rspec/core/hooks.rb:604:in `run_around_example_hooks_for'
  rspec-core (3.7.1) lib/rspec/core/hooks.rb:466:in `run'
  rspec-core (3.7.1) lib/rspec/core/example.rb:457:in `with_around_example_hooks'
  rspec-core (3.7.1) lib/rspec/core/example.rb:500:in `with_around_and_singleton_context_hooks'
  rspec-core (3.7.1) lib/rspec/core/example.rb:251:in `run'
  rspec-core (3.7.1) lib/rspec/core/example_group.rb:628:in `block in run_examples'
  rspec-core (3.7.1) lib/rspec/core/example_group.rb:624:in `map'
  rspec-core (3.7.1) lib/rspec/core/example_group.rb:624:in `run_examples'
  rspec-core (3.7.1) lib/rspec/core/example_group.rb:590:in `run'
  rspec-core (3.7.1) lib/rspec/core/runner.rb:118:in `block (3 levels) in run_specs'
  rspec-core (3.7.1) lib/rspec/core/runner.rb:118:in `map'
  rspec-core (3.7.1) lib/rspec/core/runner.rb:118:in `block (2 levels) in run_specs'
  rspec-core (3.7.1) lib/rspec/core/configuration.rb:1926:in `with_suite_hooks'
  rspec-core (3.7.1) lib/rspec/core/runner.rb:113:in `block in run_specs'
  rspec-core (3.7.1) lib/rspec/core/reporter.rb:79:in `report'
  rspec-core (3.7.1) lib/rspec/core/runner.rb:112:in `run_specs'
  rspec-core (3.7.1) lib/rspec/core/runner.rb:87:in `run'
  rspec-core (3.7.1) lib/rspec/core/runner.rb:71:in `run'
  rspec-core (3.7.1) lib/rspec/core/runner.rb:45:in `invoke'
  rspec-core (3.7.1) exe/rspec:4:in `<main>'


I, [2018-03-07T01:15:53.783002 #32831]  INFO -- : Started POST "/mailgun" for 127.0.0.1 at 2018-03-07 01:15:53 +0200
F, [2018-03-07T01:15:53.783855 #32831] FATAL -- : 
ActionController::RoutingError (No route matches [POST] "/mailgun"):
  actionpack (4.2.10) lib/action_dispatch/middleware/debug_exceptions.rb:21:in `call'
  actionpack (4.2.10) lib/action_dispatch/middleware/show_exceptions.rb:30:in `call'
  railties (4.2.10) lib/rails/rack/logger.rb:38:in `call_app'
  railties (4.2.10) lib/rails/rack/logger.rb:22:in `call'
  actionpack (4.2.10) lib/action_dispatch/middleware/request_id.rb:21:in `call'
  rack (1.6.9) lib/rack/methodoverride.rb:22:in `call'
  rack (1.6.9) lib/rack/runtime.rb:18:in `call'
  rack (1.6.9) lib/rack/lock.rb:17:in `call'
  actionpack (4.2.10) lib/action_dispatch/middleware/static.rb:120:in `call'
  rack (1.6.9) lib/rack/sendfile.rb:113:in `call'
  railties (4.2.10) lib/rails/engine.rb:518:in `call'
  railties (4.2.10) lib/rails/application.rb:165:in `call'
  railties (4.2.10) lib/rails/railtie.rb:194:in `public_send'
  railties (4.2.10) lib/rails/railtie.rb:194:in `method_missing'
  rack-test (0.6.3) lib/rack/mock_session.rb:30:in `request'
  rack-test (0.6.3) lib/rack/test.rb:244:in `process_request'
  rack-test (0.6.3) lib/rack/test.rb:67:in `post'
  spec/integration/rails/rails_spec.rb:21:in `block (2 levels) in <top (required)>'
  rspec-core (3.7.1) lib/rspec/core/example.rb:447:in `instance_exec'
  rspec-core (3.7.1) lib/rspec/core/example.rb:447:in `instance_exec'
  rspec-core (3.7.1) lib/rspec/core/hooks.rb:350:in `run'
  rspec-core (3.7.1) lib/rspec/core/hooks.rb:509:in `block in run_owned_hooks_for'
  rspec-core (3.7.1) lib/rspec/core/hooks.rb:508:in `each'
  rspec-core (3.7.1) lib/rspec/core/hooks.rb:508:in `run_owned_hooks_for'
  rspec-core (3.7.1) lib/rspec/core/hooks.rb:595:in `block in run_example_hooks_for'
  rspec-core (3.7.1) lib/rspec/core/hooks.rb:594:in `reverse_each'
  rspec-core (3.7.1) lib/rspec/core/hooks.rb:594:in `run_example_hooks_for'
  rspec-core (3.7.1) lib/rspec/core/hooks.rb:464:in `run'
  rspec-core (3.7.1) lib/rspec/core/example.rb:494:in `run_before_example'
  rspec-core (3.7.1) lib/rspec/core/example.rb:253:in `block in run'
  rspec-core (3.7.1) lib/rspec/core/example.rb:500:in `block in with_around_and_singleton_context_hooks'
  rspec-core (3.7.1) lib/rspec/core/example.rb:457:in `block in with_around_example_hooks'
  rspec-core (3.7.1) lib/rspec/core/hooks.rb:466:in `block in run'
  rspec-core (3.7.1) lib/rspec/core/hooks.rb:604:in `run_around_example_hooks_for'
  rspec-core (3.7.1) lib/rspec/core/hooks.rb:466:in `run'
  rspec-core (3.7.1) lib/rspec/core/example.rb:457:in `with_around_example_hooks'
  rspec-core (3.7.1) lib/rspec/core/example.rb:500:in `with_around_and_singleton_context_hooks'
  rspec-core (3.7.1) lib/rspec/core/example.rb:251:in `run'
  rspec-core (3.7.1) lib/rspec/core/example_group.rb:628:in `block in run_examples'
  rspec-core (3.7.1) lib/rspec/core/example_group.rb:624:in `map'
  rspec-core (3.7.1) lib/rspec/core/example_group.rb:624:in `run_examples'
  rspec-core (3.7.1) lib/rspec/core/example_group.rb:590:in `run'
  rspec-core (3.7.1) lib/rspec/core/runner.rb:118:in `block (3 levels) in run_specs'
  rspec-core (3.7.1) lib/rspec/core/runner.rb:118:in `map'
  rspec-core (3.7.1) lib/rspec/core/runner.rb:118:in `block (2 levels) in run_specs'
  rspec-core (3.7.1) lib/rspec/core/configuration.rb:1926:in `with_suite_hooks'
  rspec-core (3.7.1) lib/rspec/core/runner.rb:113:in `block in run_specs'
  rspec-core (3.7.1) lib/rspec/core/reporter.rb:79:in `report'
  rspec-core (3.7.1) lib/rspec/core/runner.rb:112:in `run_specs'
  rspec-core (3.7.1) lib/rspec/core/runner.rb:87:in `run'
  rspec-core (3.7.1) lib/rspec/core/runner.rb:71:in `run'
  rspec-core (3.7.1) lib/rspec/core/runner.rb:45:in `invoke'
  rspec-core (3.7.1) exe/rspec:4:in `<main>'


I, [2018-03-07T01:16:17.452756 #32841]  INFO -- : Started POST "/mailgun" for 127.0.0.1 at 2018-03-07 01:16:17 +0200
F, [2018-03-07T01:16:17.612792 #32841] FATAL -- : 
ActiveRecord::ConnectionNotEstablished (No connection pool for ActiveRecord::Base):
  activerecord (4.2.10) lib/active_record/connection_adapters/abstract/connection_pool.rb:570:in `retrieve_connection'
  activerecord (4.2.10) lib/active_record/connection_handling.rb:113:in `retrieve_connection'
  activerecord (4.2.10) lib/active_record/connection_handling.rb:87:in `connection'
  activerecord (4.2.10) lib/active_record/query_cache.rb:51:in `restore_query_cache_settings'
  activerecord (4.2.10) lib/active_record/query_cache.rb:43:in `rescue in call'
  activerecord (4.2.10) lib/active_record/query_cache.rb:31:in `call'
  activerecord (4.2.10) lib/active_record/connection_adapters/abstract/connection_pool.rb:653:in `call'
  actionpack (4.2.10) lib/action_dispatch/middleware/callbacks.rb:29:in `block in call'
  activesupport (4.2.10) lib/active_support/callbacks.rb:88:in `__run_callbacks__'
  activesupport (4.2.10) lib/active_support/callbacks.rb:778:in `_run_call_callbacks'
  activesupport (4.2.10) lib/active_support/callbacks.rb:81:in `run_callbacks'
  actionpack (4.2.10) lib/action_dispatch/middleware/callbacks.rb:27:in `call'
  actionpack (4.2.10) lib/action_dispatch/middleware/reloader.rb:73:in `call'
  actionpack (4.2.10) lib/action_dispatch/middleware/remote_ip.rb:78:in `call'
  actionpack (4.2.10) lib/action_dispatch/middleware/debug_exceptions.rb:17:in `call'
  actionpack (4.2.10) lib/action_dispatch/middleware/show_exceptions.rb:30:in `call'
  railties (4.2.10) lib/rails/rack/logger.rb:38:in `call_app'
  railties (4.2.10) lib/rails/rack/logger.rb:22:in `call'
  actionpack (4.2.10) lib/action_dispatch/middleware/request_id.rb:21:in `call'
  rack (1.6.9) lib/rack/methodoverride.rb:22:in `call'
  rack (1.6.9) lib/rack/runtime.rb:18:in `call'
  rack (1.6.9) lib/rack/lock.rb:17:in `call'
  actionpack (4.2.10) lib/action_dispatch/middleware/static.rb:120:in `call'
  rack (1.6.9) lib/rack/sendfile.rb:113:in `call'
  railties (4.2.10) lib/rails/engine.rb:518:in `call'
  railties (4.2.10) lib/rails/application.rb:165:in `call'
  railties (4.2.10) lib/rails/railtie.rb:194:in `public_send'
  railties (4.2.10) lib/rails/railtie.rb:194:in `method_missing'
  rack-test (0.6.3) lib/rack/mock_session.rb:30:in `request'
  rack-test (0.6.3) lib/rack/test.rb:244:in `process_request'
  rack-test (0.6.3) lib/rack/test.rb:67:in `post'
  spec/integration/rails/rails_spec.rb:21:in `block (2 levels) in <top (required)>'
  rspec-core (3.7.1) lib/rspec/core/example.rb:447:in `instance_exec'
  rspec-core (3.7.1) lib/rspec/core/example.rb:447:in `instance_exec'
  rspec-core (3.7.1) lib/rspec/core/hooks.rb:350:in `run'
  rspec-core (3.7.1) lib/rspec/core/hooks.rb:509:in `block in run_owned_hooks_for'
  rspec-core (3.7.1) lib/rspec/core/hooks.rb:508:in `each'
  rspec-core (3.7.1) lib/rspec/core/hooks.rb:508:in `run_owned_hooks_for'
  rspec-core (3.7.1) lib/rspec/core/hooks.rb:595:in `block in run_example_hooks_for'
  rspec-core (3.7.1) lib/rspec/core/hooks.rb:594:in `reverse_each'
  rspec-core (3.7.1) lib/rspec/core/hooks.rb:594:in `run_example_hooks_for'
  rspec-core (3.7.1) lib/rspec/core/hooks.rb:464:in `run'
  rspec-core (3.7.1) lib/rspec/core/example.rb:494:in `run_before_example'
  rspec-core (3.7.1) lib/rspec/core/example.rb:253:in `block in run'
  rspec-core (3.7.1) lib/rspec/core/example.rb:500:in `block in with_around_and_singleton_context_hooks'
  rspec-core (3.7.1) lib/rspec/core/example.rb:457:in `block in with_around_example_hooks'
  rspec-core (3.7.1) lib/rspec/core/hooks.rb:466:in `block in run'
  rspec-core (3.7.1) lib/rspec/core/hooks.rb:604:in `run_around_example_hooks_for'
  rspec-core (3.7.1) lib/rspec/core/hooks.rb:466:in `run'
  rspec-core (3.7.1) lib/rspec/core/example.rb:457:in `with_around_example_hooks'
  rspec-core (3.7.1) lib/rspec/core/example.rb:500:in `with_around_and_singleton_context_hooks'
  rspec-core (3.7.1) lib/rspec/core/example.rb:251:in `run'
  rspec-core (3.7.1) lib/rspec/core/example_group.rb:628:in `block in run_examples'
  rspec-core (3.7.1) lib/rspec/core/example_group.rb:624:in `map'
  rspec-core (3.7.1) lib/rspec/core/example_group.rb:624:in `run_examples'
  rspec-core (3.7.1) lib/rspec/core/example_group.rb:590:in `run'
  rspec-core (3.7.1) lib/rspec/core/runner.rb:118:in `block (3 levels) in run_specs'
  rspec-core (3.7.1) lib/rspec/core/runner.rb:118:in `map'
  rspec-core (3.7.1) lib/rspec/core/runner.rb:118:in `block (2 levels) in run_specs'
  rspec-core (3.7.1) lib/rspec/core/configuration.rb:1926:in `with_suite_hooks'
  rspec-core (3.7.1) lib/rspec/core/runner.rb:113:in `block in run_specs'
  rspec-core (3.7.1) lib/rspec/core/reporter.rb:79:in `report'
  rspec-core (3.7.1) lib/rspec/core/runner.rb:112:in `run_specs'
  rspec-core (3.7.1) lib/rspec/core/runner.rb:87:in `run'
  rspec-core (3.7.1) lib/rspec/core/runner.rb:71:in `run'
  rspec-core (3.7.1) lib/rspec/core/runner.rb:45:in `invoke'
  rspec-core (3.7.1) exe/rspec:4:in `<main>'


I, [2018-03-07T01:17:11.655244 #32852]  INFO -- : Started POST "/mailgun" for 127.0.0.1 at 2018-03-07 01:17:11 +0200
F, [2018-03-07T01:17:11.752515 #32852] FATAL -- : 
ActiveRecord::ConnectionNotEstablished (No connection pool for ActiveRecord::Base):
  activerecord (4.2.10) lib/active_record/connection_adapters/abstract/connection_pool.rb:570:in `retrieve_connection'
  activerecord (4.2.10) lib/active_record/connection_handling.rb:113:in `retrieve_connection'
  activerecord (4.2.10) lib/active_record/connection_handling.rb:87:in `connection'
  activerecord (4.2.10) lib/active_record/query_cache.rb:51:in `restore_query_cache_settings'
  activerecord (4.2.10) lib/active_record/query_cache.rb:43:in `rescue in call'
  activerecord (4.2.10) lib/active_record/query_cache.rb:31:in `call'
  activerecord (4.2.10) lib/active_record/connection_adapters/abstract/connection_pool.rb:653:in `call'
  actionpack (4.2.10) lib/action_dispatch/middleware/callbacks.rb:29:in `block in call'
  activesupport (4.2.10) lib/active_support/callbacks.rb:88:in `__run_callbacks__'
  activesupport (4.2.10) lib/active_support/callbacks.rb:778:in `_run_call_callbacks'
  activesupport (4.2.10) lib/active_support/callbacks.rb:81:in `run_callbacks'
  actionpack (4.2.10) lib/action_dispatch/middleware/callbacks.rb:27:in `call'
  actionpack (4.2.10) lib/action_dispatch/middleware/reloader.rb:73:in `call'
  actionpack (4.2.10) lib/action_dispatch/middleware/remote_ip.rb:78:in `call'
  actionpack (4.2.10) lib/action_dispatch/middleware/debug_exceptions.rb:17:in `call'
  actionpack (4.2.10) lib/action_dispatch/middleware/show_exceptions.rb:30:in `call'
  railties (4.2.10) lib/rails/rack/logger.rb:38:in `call_app'
  railties (4.2.10) lib/rails/rack/logger.rb:22:in `call'
  actionpack (4.2.10) lib/action_dispatch/middleware/request_id.rb:21:in `call'
  rack (1.6.9) lib/rack/methodoverride.rb:22:in `call'
  rack (1.6.9) lib/rack/runtime.rb:18:in `call'
  rack (1.6.9) lib/rack/lock.rb:17:in `call'
  actionpack (4.2.10) lib/action_dispatch/middleware/static.rb:120:in `call'
  rack (1.6.9) lib/rack/sendfile.rb:113:in `call'
  railties (4.2.10) lib/rails/engine.rb:518:in `call'
  railties (4.2.10) lib/rails/application.rb:165:in `call'
  railties (4.2.10) lib/rails/railtie.rb:194:in `public_send'
  railties (4.2.10) lib/rails/railtie.rb:194:in `method_missing'
  rack-test (0.6.3) lib/rack/mock_session.rb:30:in `request'
  rack-test (0.6.3) lib/rack/test.rb:244:in `process_request'
  rack-test (0.6.3) lib/rack/test.rb:67:in `post'
  spec/integration/rails/rails_spec.rb:21:in `block (2 levels) in <top (required)>'
  rspec-core (3.7.1) lib/rspec/core/example.rb:447:in `instance_exec'
  rspec-core (3.7.1) lib/rspec/core/example.rb:447:in `instance_exec'
  rspec-core (3.7.1) lib/rspec/core/hooks.rb:350:in `run'
  rspec-core (3.7.1) lib/rspec/core/hooks.rb:509:in `block in run_owned_hooks_for'
  rspec-core (3.7.1) lib/rspec/core/hooks.rb:508:in `each'
  rspec-core (3.7.1) lib/rspec/core/hooks.rb:508:in `run_owned_hooks_for'
  rspec-core (3.7.1) lib/rspec/core/hooks.rb:595:in `block in run_example_hooks_for'
  rspec-core (3.7.1) lib/rspec/core/hooks.rb:594:in `reverse_each'
  rspec-core (3.7.1) lib/rspec/core/hooks.rb:594:in `run_example_hooks_for'
  rspec-core (3.7.1) lib/rspec/core/hooks.rb:464:in `run'
  rspec-core (3.7.1) lib/rspec/core/example.rb:494:in `run_before_example'
  rspec-core (3.7.1) lib/rspec/core/example.rb:253:in `block in run'
  rspec-core (3.7.1) lib/rspec/core/example.rb:500:in `block in with_around_and_singleton_context_hooks'
  rspec-core (3.7.1) lib/rspec/core/example.rb:457:in `block in with_around_example_hooks'
  rspec-core (3.7.1) lib/rspec/core/hooks.rb:466:in `block in run'
  rspec-core (3.7.1) lib/rspec/core/hooks.rb:604:in `run_around_example_hooks_for'
  rspec-core (3.7.1) lib/rspec/core/hooks.rb:466:in `run'
  rspec-core (3.7.1) lib/rspec/core/example.rb:457:in `with_around_example_hooks'
  rspec-core (3.7.1) lib/rspec/core/example.rb:500:in `with_around_and_singleton_context_hooks'
  rspec-core (3.7.1) lib/rspec/core/example.rb:251:in `run'
  rspec-core (3.7.1) lib/rspec/core/example_group.rb:628:in `block in run_examples'
  rspec-core (3.7.1) lib/rspec/core/example_group.rb:624:in `map'
  rspec-core (3.7.1) lib/rspec/core/example_group.rb:624:in `run_examples'
  rspec-core (3.7.1) lib/rspec/core/example_group.rb:590:in `run'
  rspec-core (3.7.1) lib/rspec/core/runner.rb:118:in `block (3 levels) in run_specs'
  rspec-core (3.7.1) lib/rspec/core/runner.rb:118:in `map'
  rspec-core (3.7.1) lib/rspec/core/runner.rb:118:in `block (2 levels) in run_specs'
  rspec-core (3.7.1) lib/rspec/core/configuration.rb:1926:in `with_suite_hooks'
  rspec-core (3.7.1) lib/rspec/core/runner.rb:113:in `block in run_specs'
  rspec-core (3.7.1) lib/rspec/core/reporter.rb:79:in `report'
  rspec-core (3.7.1) lib/rspec/core/runner.rb:112:in `run_specs'
  rspec-core (3.7.1) lib/rspec/core/runner.rb:87:in `run'
  rspec-core (3.7.1) lib/rspec/core/runner.rb:71:in `run'
  rspec-core (3.7.1) lib/rspec/core/runner.rb:45:in `invoke'
  rspec-core (3.7.1) exe/rspec:4:in `<main>'


I, [2018-03-07T01:17:44.619484 #32864]  INFO -- : Started POST "/mailgun" for 127.0.0.1 at 2018-03-07 01:17:44 +0200
F, [2018-03-07T01:17:44.732274 #32864] FATAL -- : 
ActiveRecord::ConnectionNotEstablished (No connection pool for ActiveRecord::Base):
  activerecord (4.2.10) lib/active_record/connection_adapters/abstract/connection_pool.rb:570:in `retrieve_connection'
  activerecord (4.2.10) lib/active_record/connection_handling.rb:113:in `retrieve_connection'
  activerecord (4.2.10) lib/active_record/connection_handling.rb:87:in `connection'
  activerecord (4.2.10) lib/active_record/query_cache.rb:51:in `restore_query_cache_settings'
  activerecord (4.2.10) lib/active_record/query_cache.rb:43:in `rescue in call'
  activerecord (4.2.10) lib/active_record/query_cache.rb:31:in `call'
  activerecord (4.2.10) lib/active_record/connection_adapters/abstract/connection_pool.rb:653:in `call'
  actionpack (4.2.10) lib/action_dispatch/middleware/callbacks.rb:29:in `block in call'
  activesupport (4.2.10) lib/active_support/callbacks.rb:88:in `__run_callbacks__'
  activesupport (4.2.10) lib/active_support/callbacks.rb:778:in `_run_call_callbacks'
  activesupport (4.2.10) lib/active_support/callbacks.rb:81:in `run_callbacks'
  actionpack (4.2.10) lib/action_dispatch/middleware/callbacks.rb:27:in `call'
  actionpack (4.2.10) lib/action_dispatch/middleware/reloader.rb:73:in `call'
  actionpack (4.2.10) lib/action_dispatch/middleware/remote_ip.rb:78:in `call'
  actionpack (4.2.10) lib/action_dispatch/middleware/debug_exceptions.rb:17:in `call'
  actionpack (4.2.10) lib/action_dispatch/middleware/show_exceptions.rb:30:in `call'
  railties (4.2.10) lib/rails/rack/logger.rb:38:in `call_app'
  railties (4.2.10) lib/rails/rack/logger.rb:22:in `call'
  actionpack (4.2.10) lib/action_dispatch/middleware/request_id.rb:21:in `call'
  rack (1.6.9) lib/rack/methodoverride.rb:22:in `call'
  rack (1.6.9) lib/rack/runtime.rb:18:in `call'
  rack (1.6.9) lib/rack/lock.rb:17:in `call'
  actionpack (4.2.10) lib/action_dispatch/middleware/static.rb:120:in `call'
  rack (1.6.9) lib/rack/sendfile.rb:113:in `call'
  railties (4.2.10) lib/rails/engine.rb:518:in `call'
  railties (4.2.10) lib/rails/application.rb:165:in `call'
  railties (4.2.10) lib/rails/railtie.rb:194:in `public_send'
  railties (4.2.10) lib/rails/railtie.rb:194:in `method_missing'
  rack-test (0.6.3) lib/rack/mock_session.rb:30:in `request'
  rack-test (0.6.3) lib/rack/test.rb:244:in `process_request'
  rack-test (0.6.3) lib/rack/test.rb:67:in `post'
  spec/integration/rails/rails_spec.rb:21:in `block (2 levels) in <top (required)>'
  rspec-core (3.7.1) lib/rspec/core/example.rb:447:in `instance_exec'
  rspec-core (3.7.1) lib/rspec/core/example.rb:447:in `instance_exec'
  rspec-core (3.7.1) lib/rspec/core/hooks.rb:350:in `run'
  rspec-core (3.7.1) lib/rspec/core/hooks.rb:509:in `block in run_owned_hooks_for'
  rspec-core (3.7.1) lib/rspec/core/hooks.rb:508:in `each'
  rspec-core (3.7.1) lib/rspec/core/hooks.rb:508:in `run_owned_hooks_for'
  rspec-core (3.7.1) lib/rspec/core/hooks.rb:595:in `block in run_example_hooks_for'
  rspec-core (3.7.1) lib/rspec/core/hooks.rb:594:in `reverse_each'
  rspec-core (3.7.1) lib/rspec/core/hooks.rb:594:in `run_example_hooks_for'
  rspec-core (3.7.1) lib/rspec/core/hooks.rb:464:in `run'
  rspec-core (3.7.1) lib/rspec/core/example.rb:494:in `run_before_example'
  rspec-core (3.7.1) lib/rspec/core/example.rb:253:in `block in run'
  rspec-core (3.7.1) lib/rspec/core/example.rb:500:in `block in with_around_and_singleton_context_hooks'
  rspec-core (3.7.1) lib/rspec/core/example.rb:457:in `block in with_around_example_hooks'
  rspec-core (3.7.1) lib/rspec/core/hooks.rb:466:in `block in run'
  rspec-core (3.7.1) lib/rspec/core/hooks.rb:604:in `run_around_example_hooks_for'
  rspec-core (3.7.1) lib/rspec/core/hooks.rb:466:in `run'
  rspec-core (3.7.1) lib/rspec/core/example.rb:457:in `with_around_example_hooks'
  rspec-core (3.7.1) lib/rspec/core/example.rb:500:in `with_around_and_singleton_context_hooks'
  rspec-core (3.7.1) lib/rspec/core/example.rb:251:in `run'
  rspec-core (3.7.1) lib/rspec/core/example_group.rb:628:in `block in run_examples'
  rspec-core (3.7.1) lib/rspec/core/example_group.rb:624:in `map'
  rspec-core (3.7.1) lib/rspec/core/example_group.rb:624:in `run_examples'
  rspec-core (3.7.1) lib/rspec/core/example_group.rb:590:in `run'
  rspec-core (3.7.1) lib/rspec/core/runner.rb:118:in `block (3 levels) in run_specs'
  rspec-core (3.7.1) lib/rspec/core/runner.rb:118:in `map'
  rspec-core (3.7.1) lib/rspec/core/runner.rb:118:in `block (2 levels) in run_specs'
  rspec-core (3.7.1) lib/rspec/core/configuration.rb:1926:in `with_suite_hooks'
  rspec-core (3.7.1) lib/rspec/core/runner.rb:113:in `block in run_specs'
  rspec-core (3.7.1) lib/rspec/core/reporter.rb:79:in `report'
  rspec-core (3.7.1) lib/rspec/core/runner.rb:112:in `run_specs'
  rspec-core (3.7.1) lib/rspec/core/runner.rb:87:in `run'
  rspec-core (3.7.1) lib/rspec/core/runner.rb:71:in `run'
  rspec-core (3.7.1) lib/rspec/core/runner.rb:45:in `invoke'
  rspec-core (3.7.1) exe/rspec:4:in `<main>'


I, [2018-03-07T01:18:41.515972 #32898]  INFO -- : Started POST "/mailgun" for 127.0.0.1 at 2018-03-07 01:18:41 +0200
F, [2018-03-07T01:18:41.640239 #32898] FATAL -- : 
ActiveRecord::ConnectionNotEstablished (No connection pool for ActiveRecord::Base):
  activerecord (4.2.10) lib/active_record/connection_adapters/abstract/connection_pool.rb:570:in `retrieve_connection'
  activerecord (4.2.10) lib/active_record/connection_handling.rb:113:in `retrieve_connection'
  activerecord (4.2.10) lib/active_record/connection_handling.rb:87:in `connection'
  activerecord (4.2.10) lib/active_record/query_cache.rb:51:in `restore_query_cache_settings'
  activerecord (4.2.10) lib/active_record/query_cache.rb:43:in `rescue in call'
  activerecord (4.2.10) lib/active_record/query_cache.rb:31:in `call'
  activerecord (4.2.10) lib/active_record/connection_adapters/abstract/connection_pool.rb:653:in `call'
  actionpack (4.2.10) lib/action_dispatch/middleware/callbacks.rb:29:in `block in call'
  activesupport (4.2.10) lib/active_support/callbacks.rb:88:in `__run_callbacks__'
  activesupport (4.2.10) lib/active_support/callbacks.rb:778:in `_run_call_callbacks'
  activesupport (4.2.10) lib/active_support/callbacks.rb:81:in `run_callbacks'
  actionpack (4.2.10) lib/action_dispatch/middleware/callbacks.rb:27:in `call'
  actionpack (4.2.10) lib/action_dispatch/middleware/reloader.rb:73:in `call'
  actionpack (4.2.10) lib/action_dispatch/middleware/remote_ip.rb:78:in `call'
  actionpack (4.2.10) lib/action_dispatch/middleware/debug_exceptions.rb:17:in `call'
  actionpack (4.2.10) lib/action_dispatch/middleware/show_exceptions.rb:30:in `call'
  railties (4.2.10) lib/rails/rack/logger.rb:38:in `call_app'
  railties (4.2.10) lib/rails/rack/logger.rb:22:in `call'
  actionpack (4.2.10) lib/action_dispatch/middleware/request_id.rb:21:in `call'
  rack (1.6.9) lib/rack/methodoverride.rb:22:in `call'
  rack (1.6.9) lib/rack/runtime.rb:18:in `call'
  rack (1.6.9) lib/rack/lock.rb:17:in `call'
  actionpack (4.2.10) lib/action_dispatch/middleware/static.rb:120:in `call'
  rack (1.6.9) lib/rack/sendfile.rb:113:in `call'
  railties (4.2.10) lib/rails/engine.rb:518:in `call'
  railties (4.2.10) lib/rails/application.rb:165:in `call'
  railties (4.2.10) lib/rails/railtie.rb:194:in `public_send'
  railties (4.2.10) lib/rails/railtie.rb:194:in `method_missing'
  rack-test (0.6.3) lib/rack/mock_session.rb:30:in `request'
  rack-test (0.6.3) lib/rack/test.rb:244:in `process_request'
  rack-test (0.6.3) lib/rack/test.rb:67:in `post'
  spec/integration/rails/rails_spec.rb:21:in `block (2 levels) in <top (required)>'
  rspec-core (3.7.1) lib/rspec/core/example.rb:447:in `instance_exec'
  rspec-core (3.7.1) lib/rspec/core/example.rb:447:in `instance_exec'
  rspec-core (3.7.1) lib/rspec/core/hooks.rb:350:in `run'
  rspec-core (3.7.1) lib/rspec/core/hooks.rb:509:in `block in run_owned_hooks_for'
  rspec-core (3.7.1) lib/rspec/core/hooks.rb:508:in `each'
  rspec-core (3.7.1) lib/rspec/core/hooks.rb:508:in `run_owned_hooks_for'
  rspec-core (3.7.1) lib/rspec/core/hooks.rb:595:in `block in run_example_hooks_for'
  rspec-core (3.7.1) lib/rspec/core/hooks.rb:594:in `reverse_each'
  rspec-core (3.7.1) lib/rspec/core/hooks.rb:594:in `run_example_hooks_for'
  rspec-core (3.7.1) lib/rspec/core/hooks.rb:464:in `run'
  rspec-core (3.7.1) lib/rspec/core/example.rb:494:in `run_before_example'
  rspec-core (3.7.1) lib/rspec/core/example.rb:253:in `block in run'
  rspec-core (3.7.1) lib/rspec/core/example.rb:500:in `block in with_around_and_singleton_context_hooks'
  rspec-core (3.7.1) lib/rspec/core/example.rb:457:in `block in with_around_example_hooks'
  rspec-core (3.7.1) lib/rspec/core/hooks.rb:466:in `block in run'
  rspec-core (3.7.1) lib/rspec/core/hooks.rb:604:in `run_around_example_hooks_for'
  rspec-core (3.7.1) lib/rspec/core/hooks.rb:466:in `run'
  rspec-core (3.7.1) lib/rspec/core/example.rb:457:in `with_around_example_hooks'
  rspec-core (3.7.1) lib/rspec/core/example.rb:500:in `with_around_and_singleton_context_hooks'
  rspec-core (3.7.1) lib/rspec/core/example.rb:251:in `run'
  rspec-core (3.7.1) lib/rspec/core/example_group.rb:628:in `block in run_examples'
  rspec-core (3.7.1) lib/rspec/core/example_group.rb:624:in `map'
  rspec-core (3.7.1) lib/rspec/core/example_group.rb:624:in `run_examples'
  rspec-core (3.7.1) lib/rspec/core/example_group.rb:590:in `run'
  rspec-core (3.7.1) lib/rspec/core/runner.rb:118:in `block (3 levels) in run_specs'
  rspec-core (3.7.1) lib/rspec/core/runner.rb:118:in `map'
  rspec-core (3.7.1) lib/rspec/core/runner.rb:118:in `block (2 levels) in run_specs'
  rspec-core (3.7.1) lib/rspec/core/configuration.rb:1926:in `with_suite_hooks'
  rspec-core (3.7.1) lib/rspec/core/runner.rb:113:in `block in run_specs'
  rspec-core (3.7.1) lib/rspec/core/reporter.rb:79:in `report'
  rspec-core (3.7.1) lib/rspec/core/runner.rb:112:in `run_specs'
  rspec-core (3.7.1) lib/rspec/core/runner.rb:87:in `run'
  rspec-core (3.7.1) lib/rspec/core/runner.rb:71:in `run'
  rspec-core (3.7.1) lib/rspec/core/runner.rb:45:in `invoke'
  rspec-core (3.7.1) exe/rspec:4:in `<main>'


I, [2018-03-07T01:22:21.298660 #32923]  INFO -- : Started POST "/mailgun" for 127.0.0.1 at 2018-03-07 01:22:21 +0200
F, [2018-03-07T01:22:21.300004 #32923] FATAL -- : 
ActionController::RoutingError (No route matches [POST] "/mailgun"):
  actionpack (4.2.10) lib/action_dispatch/middleware/debug_exceptions.rb:21:in `call'
  actionpack (4.2.10) lib/action_dispatch/middleware/show_exceptions.rb:30:in `call'
  railties (4.2.10) lib/rails/rack/logger.rb:38:in `call_app'
  railties (4.2.10) lib/rails/rack/logger.rb:22:in `call'
  actionpack (4.2.10) lib/action_dispatch/middleware/request_id.rb:21:in `call'
  rack (1.6.9) lib/rack/methodoverride.rb:22:in `call'
  rack (1.6.9) lib/rack/runtime.rb:18:in `call'
  rack (1.6.9) lib/rack/lock.rb:17:in `call'
  actionpack (4.2.10) lib/action_dispatch/middleware/static.rb:120:in `call'
  rack (1.6.9) lib/rack/sendfile.rb:113:in `call'
  railties (4.2.10) lib/rails/engine.rb:518:in `call'
  railties (4.2.10) lib/rails/application.rb:165:in `call'
  railties (4.2.10) lib/rails/railtie.rb:194:in `public_send'
  railties (4.2.10) lib/rails/railtie.rb:194:in `method_missing'
  rack-test (0.6.3) lib/rack/mock_session.rb:30:in `request'
  rack-test (0.6.3) lib/rack/test.rb:244:in `process_request'
  rack-test (0.6.3) lib/rack/test.rb:67:in `post'
  spec/integration/rails/rails_spec.rb:21:in `block (2 levels) in <top (required)>'
  rspec-core (3.7.1) lib/rspec/core/example.rb:447:in `instance_exec'
  rspec-core (3.7.1) lib/rspec/core/example.rb:447:in `instance_exec'
  rspec-core (3.7.1) lib/rspec/core/hooks.rb:350:in `run'
  rspec-core (3.7.1) lib/rspec/core/hooks.rb:509:in `block in run_owned_hooks_for'
  rspec-core (3.7.1) lib/rspec/core/hooks.rb:508:in `each'
  rspec-core (3.7.1) lib/rspec/core/hooks.rb:508:in `run_owned_hooks_for'
  rspec-core (3.7.1) lib/rspec/core/hooks.rb:595:in `block in run_example_hooks_for'
  rspec-core (3.7.1) lib/rspec/core/hooks.rb:594:in `reverse_each'
  rspec-core (3.7.1) lib/rspec/core/hooks.rb:594:in `run_example_hooks_for'
  rspec-core (3.7.1) lib/rspec/core/hooks.rb:464:in `run'
  rspec-core (3.7.1) lib/rspec/core/example.rb:494:in `run_before_example'
  rspec-core (3.7.1) lib/rspec/core/example.rb:253:in `block in run'
  rspec-core (3.7.1) lib/rspec/core/example.rb:500:in `block in with_around_and_singleton_context_hooks'
  rspec-core (3.7.1) lib/rspec/core/example.rb:457:in `block in with_around_example_hooks'
  rspec-core (3.7.1) lib/rspec/core/hooks.rb:466:in `block in run'
  rspec-core (3.7.1) lib/rspec/core/hooks.rb:604:in `run_around_example_hooks_for'
  rspec-core (3.7.1) lib/rspec/core/hooks.rb:466:in `run'
  rspec-core (3.7.1) lib/rspec/core/example.rb:457:in `with_around_example_hooks'
  rspec-core (3.7.1) lib/rspec/core/example.rb:500:in `with_around_and_singleton_context_hooks'
  rspec-core (3.7.1) lib/rspec/core/example.rb:251:in `run'
  rspec-core (3.7.1) lib/rspec/core/example_group.rb:628:in `block in run_examples'
  rspec-core (3.7.1) lib/rspec/core/example_group.rb:624:in `map'
  rspec-core (3.7.1) lib/rspec/core/example_group.rb:624:in `run_examples'
  rspec-core (3.7.1) lib/rspec/core/example_group.rb:590:in `run'
  rspec-core (3.7.1) lib/rspec/core/runner.rb:118:in `block (3 levels) in run_specs'
  rspec-core (3.7.1) lib/rspec/core/runner.rb:118:in `map'
  rspec-core (3.7.1) lib/rspec/core/runner.rb:118:in `block (2 levels) in run_specs'
  rspec-core (3.7.1) lib/rspec/core/configuration.rb:1926:in `with_suite_hooks'
  rspec-core (3.7.1) lib/rspec/core/runner.rb:113:in `block in run_specs'
  rspec-core (3.7.1) lib/rspec/core/reporter.rb:79:in `report'
  rspec-core (3.7.1) lib/rspec/core/runner.rb:112:in `run_specs'
  rspec-core (3.7.1) lib/rspec/core/runner.rb:87:in `run'
  rspec-core (3.7.1) lib/rspec/core/runner.rb:71:in `run'
  rspec-core (3.7.1) lib/rspec/core/runner.rb:45:in `invoke'
  rspec-core (3.7.1) exe/rspec:4:in `<main>'


I, [2018-03-07T01:23:48.313549 #32940]  INFO -- : Started POST "/mailgun" for 127.0.0.1 at 2018-03-07 01:23:48 +0200
F, [2018-03-07T01:23:48.314651 #32940] FATAL -- : 
ActionController::RoutingError (No route matches [POST] "/mailgun"):
  actionpack (4.2.10) lib/action_dispatch/middleware/debug_exceptions.rb:21:in `call'
  actionpack (4.2.10) lib/action_dispatch/middleware/show_exceptions.rb:30:in `call'
  railties (4.2.10) lib/rails/rack/logger.rb:38:in `call_app'
  railties (4.2.10) lib/rails/rack/logger.rb:22:in `call'
  actionpack (4.2.10) lib/action_dispatch/middleware/request_id.rb:21:in `call'
  rack (1.6.9) lib/rack/methodoverride.rb:22:in `call'
  rack (1.6.9) lib/rack/runtime.rb:18:in `call'
  rack (1.6.9) lib/rack/lock.rb:17:in `call'
  actionpack (4.2.10) lib/action_dispatch/middleware/static.rb:120:in `call'
  rack (1.6.9) lib/rack/sendfile.rb:113:in `call'
  railties (4.2.10) lib/rails/engine.rb:518:in `call'
  railties (4.2.10) lib/rails/application.rb:165:in `call'
  railties (4.2.10) lib/rails/railtie.rb:194:in `public_send'
  railties (4.2.10) lib/rails/railtie.rb:194:in `method_missing'
  rack-test (0.6.3) lib/rack/mock_session.rb:30:in `request'
  rack-test (0.6.3) lib/rack/test.rb:244:in `process_request'
  rack-test (0.6.3) lib/rack/test.rb:67:in `post'
  spec/integration/rails/rails_spec.rb:21:in `block (2 levels) in <top (required)>'
  rspec-core (3.7.1) lib/rspec/core/example.rb:447:in `instance_exec'
  rspec-core (3.7.1) lib/rspec/core/example.rb:447:in `instance_exec'
  rspec-core (3.7.1) lib/rspec/core/hooks.rb:350:in `run'
  rspec-core (3.7.1) lib/rspec/core/hooks.rb:509:in `block in run_owned_hooks_for'
  rspec-core (3.7.1) lib/rspec/core/hooks.rb:508:in `each'
  rspec-core (3.7.1) lib/rspec/core/hooks.rb:508:in `run_owned_hooks_for'
  rspec-core (3.7.1) lib/rspec/core/hooks.rb:595:in `block in run_example_hooks_for'
  rspec-core (3.7.1) lib/rspec/core/hooks.rb:594:in `reverse_each'
  rspec-core (3.7.1) lib/rspec/core/hooks.rb:594:in `run_example_hooks_for'
  rspec-core (3.7.1) lib/rspec/core/hooks.rb:464:in `run'
  rspec-core (3.7.1) lib/rspec/core/example.rb:494:in `run_before_example'
  rspec-core (3.7.1) lib/rspec/core/example.rb:253:in `block in run'
  rspec-core (3.7.1) lib/rspec/core/example.rb:500:in `block in with_around_and_singleton_context_hooks'
  rspec-core (3.7.1) lib/rspec/core/example.rb:457:in `block in with_around_example_hooks'
  rspec-core (3.7.1) lib/rspec/core/hooks.rb:466:in `block in run'
  rspec-core (3.7.1) lib/rspec/core/hooks.rb:604:in `run_around_example_hooks_for'
  rspec-core (3.7.1) lib/rspec/core/hooks.rb:466:in `run'
  rspec-core (3.7.1) lib/rspec/core/example.rb:457:in `with_around_example_hooks'
  rspec-core (3.7.1) lib/rspec/core/example.rb:500:in `with_around_and_singleton_context_hooks'
  rspec-core (3.7.1) lib/rspec/core/example.rb:251:in `run'
  rspec-core (3.7.1) lib/rspec/core/example_group.rb:628:in `block in run_examples'
  rspec-core (3.7.1) lib/rspec/core/example_group.rb:624:in `map'
  rspec-core (3.7.1) lib/rspec/core/example_group.rb:624:in `run_examples'
  rspec-core (3.7.1) lib/rspec/core/example_group.rb:590:in `run'
  rspec-core (3.7.1) lib/rspec/core/runner.rb:118:in `block (3 levels) in run_specs'
  rspec-core (3.7.1) lib/rspec/core/runner.rb:118:in `map'
  rspec-core (3.7.1) lib/rspec/core/runner.rb:118:in `block (2 levels) in run_specs'
  rspec-core (3.7.1) lib/rspec/core/configuration.rb:1926:in `with_suite_hooks'
  rspec-core (3.7.1) lib/rspec/core/runner.rb:113:in `block in run_specs'
  rspec-core (3.7.1) lib/rspec/core/reporter.rb:79:in `report'
  rspec-core (3.7.1) lib/rspec/core/runner.rb:112:in `run_specs'
  rspec-core (3.7.1) lib/rspec/core/runner.rb:87:in `run'
  rspec-core (3.7.1) lib/rspec/core/runner.rb:71:in `run'
  rspec-core (3.7.1) lib/rspec/core/runner.rb:45:in `invoke'
  rspec-core (3.7.1) exe/rspec:4:in `<main>'


I, [2018-03-07T01:24:38.725117 #32952]  INFO -- : Started POST "/mailgun" for 127.0.0.1 at 2018-03-07 01:24:38 +0200
F, [2018-03-07T01:24:38.725984 #32952] FATAL -- : 
ActionController::RoutingError (No route matches [POST] "/mailgun"):
  actionpack (4.2.10) lib/action_dispatch/middleware/debug_exceptions.rb:21:in `call'
  actionpack (4.2.10) lib/action_dispatch/middleware/show_exceptions.rb:30:in `call'
  railties (4.2.10) lib/rails/rack/logger.rb:38:in `call_app'
  railties (4.2.10) lib/rails/rack/logger.rb:22:in `call'
  actionpack (4.2.10) lib/action_dispatch/middleware/request_id.rb:21:in `call'
  rack (1.6.9) lib/rack/methodoverride.rb:22:in `call'
  rack (1.6.9) lib/rack/runtime.rb:18:in `call'
  rack (1.6.9) lib/rack/lock.rb:17:in `call'
  actionpack (4.2.10) lib/action_dispatch/middleware/static.rb:120:in `call'
  rack (1.6.9) lib/rack/sendfile.rb:113:in `call'
  railties (4.2.10) lib/rails/engine.rb:518:in `call'
  railties (4.2.10) lib/rails/application.rb:165:in `call'
  railties (4.2.10) lib/rails/railtie.rb:194:in `public_send'
  railties (4.2.10) lib/rails/railtie.rb:194:in `method_missing'
  rack-test (0.6.3) lib/rack/mock_session.rb:30:in `request'
  rack-test (0.6.3) lib/rack/test.rb:244:in `process_request'
  rack-test (0.6.3) lib/rack/test.rb:67:in `post'
  spec/integration/rails/rails_spec.rb:21:in `block (2 levels) in <top (required)>'
  rspec-core (3.7.1) lib/rspec/core/example.rb:447:in `instance_exec'
  rspec-core (3.7.1) lib/rspec/core/example.rb:447:in `instance_exec'
  rspec-core (3.7.1) lib/rspec/core/hooks.rb:350:in `run'
  rspec-core (3.7.1) lib/rspec/core/hooks.rb:509:in `block in run_owned_hooks_for'
  rspec-core (3.7.1) lib/rspec/core/hooks.rb:508:in `each'
  rspec-core (3.7.1) lib/rspec/core/hooks.rb:508:in `run_owned_hooks_for'
  rspec-core (3.7.1) lib/rspec/core/hooks.rb:595:in `block in run_example_hooks_for'
  rspec-core (3.7.1) lib/rspec/core/hooks.rb:594:in `reverse_each'
  rspec-core (3.7.1) lib/rspec/core/hooks.rb:594:in `run_example_hooks_for'
  rspec-core (3.7.1) lib/rspec/core/hooks.rb:464:in `run'
  rspec-core (3.7.1) lib/rspec/core/example.rb:494:in `run_before_example'
  rspec-core (3.7.1) lib/rspec/core/example.rb:253:in `block in run'
  rspec-core (3.7.1) lib/rspec/core/example.rb:500:in `block in with_around_and_singleton_context_hooks'
  rspec-core (3.7.1) lib/rspec/core/example.rb:457:in `block in with_around_example_hooks'
  rspec-core (3.7.1) lib/rspec/core/hooks.rb:466:in `block in run'
  rspec-core (3.7.1) lib/rspec/core/hooks.rb:604:in `run_around_example_hooks_for'
  rspec-core (3.7.1) lib/rspec/core/hooks.rb:466:in `run'
  rspec-core (3.7.1) lib/rspec/core/example.rb:457:in `with_around_example_hooks'
  rspec-core (3.7.1) lib/rspec/core/example.rb:500:in `with_around_and_singleton_context_hooks'
  rspec-core (3.7.1) lib/rspec/core/example.rb:251:in `run'
  rspec-core (3.7.1) lib/rspec/core/example_group.rb:628:in `block in run_examples'
  rspec-core (3.7.1) lib/rspec/core/example_group.rb:624:in `map'
  rspec-core (3.7.1) lib/rspec/core/example_group.rb:624:in `run_examples'
  rspec-core (3.7.1) lib/rspec/core/example_group.rb:590:in `run'
  rspec-core (3.7.1) lib/rspec/core/runner.rb:118:in `block (3 levels) in run_specs'
  rspec-core (3.7.1) lib/rspec/core/runner.rb:118:in `map'
  rspec-core (3.7.1) lib/rspec/core/runner.rb:118:in `block (2 levels) in run_specs'
  rspec-core (3.7.1) lib/rspec/core/configuration.rb:1926:in `with_suite_hooks'
  rspec-core (3.7.1) lib/rspec/core/runner.rb:113:in `block in run_specs'
  rspec-core (3.7.1) lib/rspec/core/reporter.rb:79:in `report'
  rspec-core (3.7.1) lib/rspec/core/runner.rb:112:in `run_specs'
  rspec-core (3.7.1) lib/rspec/core/runner.rb:87:in `run'
  rspec-core (3.7.1) lib/rspec/core/runner.rb:71:in `run'
  rspec-core (3.7.1) lib/rspec/core/runner.rb:45:in `invoke'
  rspec-core (3.7.1) exe/rspec:4:in `<main>'


I, [2018-03-07T01:25:14.129397 #32961]  INFO -- : Started POST "/mailgun" for 127.0.0.1 at 2018-03-07 01:25:14 +0200
F, [2018-03-07T01:25:14.130775 #32961] FATAL -- : 
ActionController::RoutingError (No route matches [POST] "/mailgun"):
  actionpack (4.2.10) lib/action_dispatch/middleware/debug_exceptions.rb:21:in `call'
  actionpack (4.2.10) lib/action_dispatch/middleware/show_exceptions.rb:30:in `call'
  railties (4.2.10) lib/rails/rack/logger.rb:38:in `call_app'
  railties (4.2.10) lib/rails/rack/logger.rb:22:in `call'
  actionpack (4.2.10) lib/action_dispatch/middleware/request_id.rb:21:in `call'
  rack (1.6.9) lib/rack/methodoverride.rb:22:in `call'
  rack (1.6.9) lib/rack/runtime.rb:18:in `call'
  rack (1.6.9) lib/rack/lock.rb:17:in `call'
  actionpack (4.2.10) lib/action_dispatch/middleware/static.rb:120:in `call'
  rack (1.6.9) lib/rack/sendfile.rb:113:in `call'
  railties (4.2.10) lib/rails/engine.rb:518:in `call'
  railties (4.2.10) lib/rails/application.rb:165:in `call'
  railties (4.2.10) lib/rails/railtie.rb:194:in `public_send'
  railties (4.2.10) lib/rails/railtie.rb:194:in `method_missing'
  rack-test (0.6.3) lib/rack/mock_session.rb:30:in `request'
  rack-test (0.6.3) lib/rack/test.rb:244:in `process_request'
  rack-test (0.6.3) lib/rack/test.rb:67:in `post'
  spec/integration/rails/rails_spec.rb:21:in `block (2 levels) in <top (required)>'
  rspec-core (3.7.1) lib/rspec/core/example.rb:447:in `instance_exec'
  rspec-core (3.7.1) lib/rspec/core/example.rb:447:in `instance_exec'
  rspec-core (3.7.1) lib/rspec/core/hooks.rb:350:in `run'
  rspec-core (3.7.1) lib/rspec/core/hooks.rb:509:in `block in run_owned_hooks_for'
  rspec-core (3.7.1) lib/rspec/core/hooks.rb:508:in `each'
  rspec-core (3.7.1) lib/rspec/core/hooks.rb:508:in `run_owned_hooks_for'
  rspec-core (3.7.1) lib/rspec/core/hooks.rb:595:in `block in run_example_hooks_for'
  rspec-core (3.7.1) lib/rspec/core/hooks.rb:594:in `reverse_each'
  rspec-core (3.7.1) lib/rspec/core/hooks.rb:594:in `run_example_hooks_for'
  rspec-core (3.7.1) lib/rspec/core/hooks.rb:464:in `run'
  rspec-core (3.7.1) lib/rspec/core/example.rb:494:in `run_before_example'
  rspec-core (3.7.1) lib/rspec/core/example.rb:253:in `block in run'
  rspec-core (3.7.1) lib/rspec/core/example.rb:500:in `block in with_around_and_singleton_context_hooks'
  rspec-core (3.7.1) lib/rspec/core/example.rb:457:in `block in with_around_example_hooks'
  rspec-core (3.7.1) lib/rspec/core/hooks.rb:466:in `block in run'
  rspec-core (3.7.1) lib/rspec/core/hooks.rb:604:in `run_around_example_hooks_for'
  rspec-core (3.7.1) lib/rspec/core/hooks.rb:466:in `run'
  rspec-core (3.7.1) lib/rspec/core/example.rb:457:in `with_around_example_hooks'
  rspec-core (3.7.1) lib/rspec/core/example.rb:500:in `with_around_and_singleton_context_hooks'
  rspec-core (3.7.1) lib/rspec/core/example.rb:251:in `run'
  rspec-core (3.7.1) lib/rspec/core/example_group.rb:628:in `block in run_examples'
  rspec-core (3.7.1) lib/rspec/core/example_group.rb:624:in `map'
  rspec-core (3.7.1) lib/rspec/core/example_group.rb:624:in `run_examples'
  rspec-core (3.7.1) lib/rspec/core/example_group.rb:590:in `run'
  rspec-core (3.7.1) lib/rspec/core/runner.rb:118:in `block (3 levels) in run_specs'
  rspec-core (3.7.1) lib/rspec/core/runner.rb:118:in `map'
  rspec-core (3.7.1) lib/rspec/core/runner.rb:118:in `block (2 levels) in run_specs'
  rspec-core (3.7.1) lib/rspec/core/configuration.rb:1926:in `with_suite_hooks'
  rspec-core (3.7.1) lib/rspec/core/runner.rb:113:in `block in run_specs'
  rspec-core (3.7.1) lib/rspec/core/reporter.rb:79:in `report'
  rspec-core (3.7.1) lib/rspec/core/runner.rb:112:in `run_specs'
  rspec-core (3.7.1) lib/rspec/core/runner.rb:87:in `run'
  rspec-core (3.7.1) lib/rspec/core/runner.rb:71:in `run'
  rspec-core (3.7.1) lib/rspec/core/runner.rb:45:in `invoke'
  rspec-core (3.7.1) exe/rspec:4:in `<main>'


I, [2018-03-07T01:25:30.753591 #32972]  INFO -- : Started POST "/mailgun" for 127.0.0.1 at 2018-03-07 01:25:30 +0200
F, [2018-03-07T01:25:30.755518 #32972] FATAL -- : 
ActionController::RoutingError (No route matches [POST] "/mailgun"):
  actionpack (4.2.10) lib/action_dispatch/middleware/debug_exceptions.rb:21:in `call'
  actionpack (4.2.10) lib/action_dispatch/middleware/show_exceptions.rb:30:in `call'
  railties (4.2.10) lib/rails/rack/logger.rb:38:in `call_app'
  railties (4.2.10) lib/rails/rack/logger.rb:22:in `call'
  actionpack (4.2.10) lib/action_dispatch/middleware/request_id.rb:21:in `call'
  rack (1.6.9) lib/rack/methodoverride.rb:22:in `call'
  rack (1.6.9) lib/rack/runtime.rb:18:in `call'
  rack (1.6.9) lib/rack/lock.rb:17:in `call'
  actionpack (4.2.10) lib/action_dispatch/middleware/static.rb:120:in `call'
  rack (1.6.9) lib/rack/sendfile.rb:113:in `call'
  railties (4.2.10) lib/rails/engine.rb:518:in `call'
  railties (4.2.10) lib/rails/application.rb:165:in `call'
  railties (4.2.10) lib/rails/railtie.rb:194:in `public_send'
  railties (4.2.10) lib/rails/railtie.rb:194:in `method_missing'
  rack-test (0.6.3) lib/rack/mock_session.rb:30:in `request'
  rack-test (0.6.3) lib/rack/test.rb:244:in `process_request'
  rack-test (0.6.3) lib/rack/test.rb:67:in `post'
  spec/integration/rails/rails_spec.rb:21:in `block (2 levels) in <top (required)>'
  rspec-core (3.7.1) lib/rspec/core/example.rb:447:in `instance_exec'
  rspec-core (3.7.1) lib/rspec/core/example.rb:447:in `instance_exec'
  rspec-core (3.7.1) lib/rspec/core/hooks.rb:350:in `run'
  rspec-core (3.7.1) lib/rspec/core/hooks.rb:509:in `block in run_owned_hooks_for'
  rspec-core (3.7.1) lib/rspec/core/hooks.rb:508:in `each'
  rspec-core (3.7.1) lib/rspec/core/hooks.rb:508:in `run_owned_hooks_for'
  rspec-core (3.7.1) lib/rspec/core/hooks.rb:595:in `block in run_example_hooks_for'
  rspec-core (3.7.1) lib/rspec/core/hooks.rb:594:in `reverse_each'
  rspec-core (3.7.1) lib/rspec/core/hooks.rb:594:in `run_example_hooks_for'
  rspec-core (3.7.1) lib/rspec/core/hooks.rb:464:in `run'
  rspec-core (3.7.1) lib/rspec/core/example.rb:494:in `run_before_example'
  rspec-core (3.7.1) lib/rspec/core/example.rb:253:in `block in run'
  rspec-core (3.7.1) lib/rspec/core/example.rb:500:in `block in with_around_and_singleton_context_hooks'
  rspec-core (3.7.1) lib/rspec/core/example.rb:457:in `block in with_around_example_hooks'
  rspec-core (3.7.1) lib/rspec/core/hooks.rb:466:in `block in run'
  rspec-core (3.7.1) lib/rspec/core/hooks.rb:604:in `run_around_example_hooks_for'
  rspec-core (3.7.1) lib/rspec/core/hooks.rb:466:in `run'
  rspec-core (3.7.1) lib/rspec/core/example.rb:457:in `with_around_example_hooks'
  rspec-core (3.7.1) lib/rspec/core/example.rb:500:in `with_around_and_singleton_context_hooks'
  rspec-core (3.7.1) lib/rspec/core/example.rb:251:in `run'
  rspec-core (3.7.1) lib/rspec/core/example_group.rb:628:in `block in run_examples'
  rspec-core (3.7.1) lib/rspec/core/example_group.rb:624:in `map'
  rspec-core (3.7.1) lib/rspec/core/example_group.rb:624:in `run_examples'
  rspec-core (3.7.1) lib/rspec/core/example_group.rb:590:in `run'
  rspec-core (3.7.1) lib/rspec/core/runner.rb:118:in `block (3 levels) in run_specs'
  rspec-core (3.7.1) lib/rspec/core/runner.rb:118:in `map'
  rspec-core (3.7.1) lib/rspec/core/runner.rb:118:in `block (2 levels) in run_specs'
  rspec-core (3.7.1) lib/rspec/core/configuration.rb:1926:in `with_suite_hooks'
  rspec-core (3.7.1) lib/rspec/core/runner.rb:113:in `block in run_specs'
  rspec-core (3.7.1) lib/rspec/core/reporter.rb:79:in `report'
  rspec-core (3.7.1) lib/rspec/core/runner.rb:112:in `run_specs'
  rspec-core (3.7.1) lib/rspec/core/runner.rb:87:in `run'
  rspec-core (3.7.1) lib/rspec/core/runner.rb:71:in `run'
  rspec-core (3.7.1) lib/rspec/core/runner.rb:45:in `invoke'
  rspec-core (3.7.1) exe/rspec:4:in `<main>'


I, [2018-03-07T01:27:51.033978 #33001]  INFO -- : Started POST "/mailgun" for 127.0.0.1 at 2018-03-07 01:27:51 +0200
F, [2018-03-07T01:27:51.035603 #33001] FATAL -- : 
ActionController::RoutingError (No route matches [POST] "/mailgun"):
  actionpack (4.2.10) lib/action_dispatch/middleware/debug_exceptions.rb:21:in `call'
  actionpack (4.2.10) lib/action_dispatch/middleware/show_exceptions.rb:30:in `call'
  railties (4.2.10) lib/rails/rack/logger.rb:38:in `call_app'
  railties (4.2.10) lib/rails/rack/logger.rb:22:in `call'
  actionpack (4.2.10) lib/action_dispatch/middleware/request_id.rb:21:in `call'
  rack (1.6.9) lib/rack/methodoverride.rb:22:in `call'
  rack (1.6.9) lib/rack/runtime.rb:18:in `call'
  activesupport (4.2.10) lib/active_support/cache/strategy/local_cache_middleware.rb:28:in `call'
  rack (1.6.9) lib/rack/lock.rb:17:in `call'
  actionpack (4.2.10) lib/action_dispatch/middleware/static.rb:120:in `call'
  rack (1.6.9) lib/rack/sendfile.rb:113:in `call'
  railties (4.2.10) lib/rails/engine.rb:518:in `call'
  railties (4.2.10) lib/rails/application.rb:165:in `call'
  railties (4.2.10) lib/rails/railtie.rb:194:in `public_send'
  railties (4.2.10) lib/rails/railtie.rb:194:in `method_missing'
  rack-test (0.6.3) lib/rack/mock_session.rb:30:in `request'
  rack-test (0.6.3) lib/rack/test.rb:244:in `process_request'
  rack-test (0.6.3) lib/rack/test.rb:67:in `post'
  spec/integration/rails/rails_spec.rb:21:in `block (2 levels) in <top (required)>'
  rspec-core (3.7.1) lib/rspec/core/example.rb:447:in `instance_exec'
  rspec-core (3.7.1) lib/rspec/core/example.rb:447:in `instance_exec'
  rspec-core (3.7.1) lib/rspec/core/hooks.rb:350:in `run'
  rspec-core (3.7.1) lib/rspec/core/hooks.rb:509:in `block in run_owned_hooks_for'
  rspec-core (3.7.1) lib/rspec/core/hooks.rb:508:in `each'
  rspec-core (3.7.1) lib/rspec/core/hooks.rb:508:in `run_owned_hooks_for'
  rspec-core (3.7.1) lib/rspec/core/hooks.rb:595:in `block in run_example_hooks_for'
  rspec-core (3.7.1) lib/rspec/core/hooks.rb:594:in `reverse_each'
  rspec-core (3.7.1) lib/rspec/core/hooks.rb:594:in `run_example_hooks_for'
  rspec-core (3.7.1) lib/rspec/core/hooks.rb:464:in `run'
  rspec-core (3.7.1) lib/rspec/core/example.rb:494:in `run_before_example'
  rspec-core (3.7.1) lib/rspec/core/example.rb:253:in `block in run'
  rspec-core (3.7.1) lib/rspec/core/example.rb:500:in `block in with_around_and_singleton_context_hooks'
  rspec-core (3.7.1) lib/rspec/core/example.rb:457:in `block in with_around_example_hooks'
  rspec-core (3.7.1) lib/rspec/core/hooks.rb:466:in `block in run'
  rspec-core (3.7.1) lib/rspec/core/hooks.rb:604:in `run_around_example_hooks_for'
  rspec-core (3.7.1) lib/rspec/core/hooks.rb:466:in `run'
  rspec-core (3.7.1) lib/rspec/core/example.rb:457:in `with_around_example_hooks'
  rspec-core (3.7.1) lib/rspec/core/example.rb:500:in `with_around_and_singleton_context_hooks'
  rspec-core (3.7.1) lib/rspec/core/example.rb:251:in `run'
  rspec-core (3.7.1) lib/rspec/core/example_group.rb:628:in `block in run_examples'
  rspec-core (3.7.1) lib/rspec/core/example_group.rb:624:in `map'
  rspec-core (3.7.1) lib/rspec/core/example_group.rb:624:in `run_examples'
  rspec-core (3.7.1) lib/rspec/core/example_group.rb:590:in `run'
  rspec-core (3.7.1) lib/rspec/core/runner.rb:118:in `block (3 levels) in run_specs'
  rspec-core (3.7.1) lib/rspec/core/runner.rb:118:in `map'
  rspec-core (3.7.1) lib/rspec/core/runner.rb:118:in `block (2 levels) in run_specs'
  rspec-core (3.7.1) lib/rspec/core/configuration.rb:1926:in `with_suite_hooks'
  rspec-core (3.7.1) lib/rspec/core/runner.rb:113:in `block in run_specs'
  rspec-core (3.7.1) lib/rspec/core/reporter.rb:79:in `report'
  rspec-core (3.7.1) lib/rspec/core/runner.rb:112:in `run_specs'
  rspec-core (3.7.1) lib/rspec/core/runner.rb:87:in `run'
  rspec-core (3.7.1) lib/rspec/core/runner.rb:71:in `run'
  rspec-core (3.7.1) lib/rspec/core/runner.rb:45:in `invoke'
  rspec-core (3.7.1) exe/rspec:4:in `<main>'


I, [2018-03-07T01:28:06.102750 #33010]  INFO -- : Started POST "/mailgun" for 127.0.0.1 at 2018-03-07 01:28:06 +0200
F, [2018-03-07T01:28:06.104337 #33010] FATAL -- : 
ActionController::RoutingError (No route matches [POST] "/mailgun"):
  actionpack (4.2.10) lib/action_dispatch/middleware/debug_exceptions.rb:21:in `call'
  actionpack (4.2.10) lib/action_dispatch/middleware/show_exceptions.rb:30:in `call'
  railties (4.2.10) lib/rails/rack/logger.rb:38:in `call_app'
  railties (4.2.10) lib/rails/rack/logger.rb:22:in `call'
  actionpack (4.2.10) lib/action_dispatch/middleware/request_id.rb:21:in `call'
  rack (1.6.9) lib/rack/methodoverride.rb:22:in `call'
  rack (1.6.9) lib/rack/runtime.rb:18:in `call'
  activesupport (4.2.10) lib/active_support/cache/strategy/local_cache_middleware.rb:28:in `call'
  rack (1.6.9) lib/rack/lock.rb:17:in `call'
  actionpack (4.2.10) lib/action_dispatch/middleware/static.rb:120:in `call'
  rack (1.6.9) lib/rack/sendfile.rb:113:in `call'
  railties (4.2.10) lib/rails/engine.rb:518:in `call'
  railties (4.2.10) lib/rails/application.rb:165:in `call'
  railties (4.2.10) lib/rails/railtie.rb:194:in `public_send'
  railties (4.2.10) lib/rails/railtie.rb:194:in `method_missing'
  rack-test (0.6.3) lib/rack/mock_session.rb:30:in `request'
  rack-test (0.6.3) lib/rack/test.rb:244:in `process_request'
  rack-test (0.6.3) lib/rack/test.rb:67:in `post'
  spec/integration/rails/rails_spec.rb:21:in `block (2 levels) in <top (required)>'
  rspec-core (3.7.1) lib/rspec/core/example.rb:447:in `instance_exec'
  rspec-core (3.7.1) lib/rspec/core/example.rb:447:in `instance_exec'
  rspec-core (3.7.1) lib/rspec/core/hooks.rb:350:in `run'
  rspec-core (3.7.1) lib/rspec/core/hooks.rb:509:in `block in run_owned_hooks_for'
  rspec-core (3.7.1) lib/rspec/core/hooks.rb:508:in `each'
  rspec-core (3.7.1) lib/rspec/core/hooks.rb:508:in `run_owned_hooks_for'
  rspec-core (3.7.1) lib/rspec/core/hooks.rb:595:in `block in run_example_hooks_for'
  rspec-core (3.7.1) lib/rspec/core/hooks.rb:594:in `reverse_each'
  rspec-core (3.7.1) lib/rspec/core/hooks.rb:594:in `run_example_hooks_for'
  rspec-core (3.7.1) lib/rspec/core/hooks.rb:464:in `run'
  rspec-core (3.7.1) lib/rspec/core/example.rb:494:in `run_before_example'
  rspec-core (3.7.1) lib/rspec/core/example.rb:253:in `block in run'
  rspec-core (3.7.1) lib/rspec/core/example.rb:500:in `block in with_around_and_singleton_context_hooks'
  rspec-core (3.7.1) lib/rspec/core/example.rb:457:in `block in with_around_example_hooks'
  rspec-core (3.7.1) lib/rspec/core/hooks.rb:466:in `block in run'
  rspec-core (3.7.1) lib/rspec/core/hooks.rb:604:in `run_around_example_hooks_for'
  rspec-core (3.7.1) lib/rspec/core/hooks.rb:466:in `run'
  rspec-core (3.7.1) lib/rspec/core/example.rb:457:in `with_around_example_hooks'
  rspec-core (3.7.1) lib/rspec/core/example.rb:500:in `with_around_and_singleton_context_hooks'
  rspec-core (3.7.1) lib/rspec/core/example.rb:251:in `run'
  rspec-core (3.7.1) lib/rspec/core/example_group.rb:628:in `block in run_examples'
  rspec-core (3.7.1) lib/rspec/core/example_group.rb:624:in `map'
  rspec-core (3.7.1) lib/rspec/core/example_group.rb:624:in `run_examples'
  rspec-core (3.7.1) lib/rspec/core/example_group.rb:590:in `run'
  rspec-core (3.7.1) lib/rspec/core/runner.rb:118:in `block (3 levels) in run_specs'
  rspec-core (3.7.1) lib/rspec/core/runner.rb:118:in `map'
  rspec-core (3.7.1) lib/rspec/core/runner.rb:118:in `block (2 levels) in run_specs'
  rspec-core (3.7.1) lib/rspec/core/configuration.rb:1926:in `with_suite_hooks'
  rspec-core (3.7.1) lib/rspec/core/runner.rb:113:in `block in run_specs'
  rspec-core (3.7.1) lib/rspec/core/reporter.rb:79:in `report'
  rspec-core (3.7.1) lib/rspec/core/runner.rb:112:in `run_specs'
  rspec-core (3.7.1) lib/rspec/core/runner.rb:87:in `run'
  rspec-core (3.7.1) lib/rspec/core/runner.rb:71:in `run'
  rspec-core (3.7.1) lib/rspec/core/runner.rb:45:in `invoke'
  rspec-core (3.7.1) exe/rspec:4:in `<main>'


I, [2018-03-07T01:30:20.020547 #33051]  INFO -- : Started POST "/mailgun" for 127.0.0.1 at 2018-03-07 01:30:20 +0200
F, [2018-03-07T01:30:20.022300 #33051] FATAL -- : 
ActionController::RoutingError (No route matches [POST] "/mailgun"):
  actionpack (4.2.10) lib/action_dispatch/middleware/debug_exceptions.rb:21:in `call'
  actionpack (4.2.10) lib/action_dispatch/middleware/show_exceptions.rb:30:in `call'
  railties (4.2.10) lib/rails/rack/logger.rb:38:in `call_app'
  railties (4.2.10) lib/rails/rack/logger.rb:22:in `call'
  actionpack (4.2.10) lib/action_dispatch/middleware/request_id.rb:21:in `call'
  rack (1.6.9) lib/rack/methodoverride.rb:22:in `call'
  rack (1.6.9) lib/rack/runtime.rb:18:in `call'
  activesupport (4.2.10) lib/active_support/cache/strategy/local_cache_middleware.rb:28:in `call'
  rack (1.6.9) lib/rack/lock.rb:17:in `call'
  actionpack (4.2.10) lib/action_dispatch/middleware/static.rb:120:in `call'
  rack (1.6.9) lib/rack/sendfile.rb:113:in `call'
  railties (4.2.10) lib/rails/engine.rb:518:in `call'
  railties (4.2.10) lib/rails/application.rb:165:in `call'
  railties (4.2.10) lib/rails/railtie.rb:194:in `public_send'
  railties (4.2.10) lib/rails/railtie.rb:194:in `method_missing'
  rack-test (0.6.3) lib/rack/mock_session.rb:30:in `request'
  rack-test (0.6.3) lib/rack/test.rb:244:in `process_request'
  rack-test (0.6.3) lib/rack/test.rb:67:in `post'
  spec/integration/rails/rails_spec.rb:21:in `block (2 levels) in <top (required)>'
  rspec-core (3.7.1) lib/rspec/core/example.rb:447:in `instance_exec'
  rspec-core (3.7.1) lib/rspec/core/example.rb:447:in `instance_exec'
  rspec-core (3.7.1) lib/rspec/core/hooks.rb:350:in `run'
  rspec-core (3.7.1) lib/rspec/core/hooks.rb:509:in `block in run_owned_hooks_for'
  rspec-core (3.7.1) lib/rspec/core/hooks.rb:508:in `each'
  rspec-core (3.7.1) lib/rspec/core/hooks.rb:508:in `run_owned_hooks_for'
  rspec-core (3.7.1) lib/rspec/core/hooks.rb:595:in `block in run_example_hooks_for'
  rspec-core (3.7.1) lib/rspec/core/hooks.rb:594:in `reverse_each'
  rspec-core (3.7.1) lib/rspec/core/hooks.rb:594:in `run_example_hooks_for'
  rspec-core (3.7.1) lib/rspec/core/hooks.rb:464:in `run'
  rspec-core (3.7.1) lib/rspec/core/example.rb:494:in `run_before_example'
  rspec-core (3.7.1) lib/rspec/core/example.rb:253:in `block in run'
  rspec-core (3.7.1) lib/rspec/core/example.rb:500:in `block in with_around_and_singleton_context_hooks'
  rspec-core (3.7.1) lib/rspec/core/example.rb:457:in `block in with_around_example_hooks'
  rspec-core (3.7.1) lib/rspec/core/hooks.rb:466:in `block in run'
  rspec-core (3.7.1) lib/rspec/core/hooks.rb:604:in `run_around_example_hooks_for'
  rspec-core (3.7.1) lib/rspec/core/hooks.rb:466:in `run'
  rspec-core (3.7.1) lib/rspec/core/example.rb:457:in `with_around_example_hooks'
  rspec-core (3.7.1) lib/rspec/core/example.rb:500:in `with_around_and_singleton_context_hooks'
  rspec-core (3.7.1) lib/rspec/core/example.rb:251:in `run'
  rspec-core (3.7.1) lib/rspec/core/example_group.rb:628:in `block in run_examples'
  rspec-core (3.7.1) lib/rspec/core/example_group.rb:624:in `map'
  rspec-core (3.7.1) lib/rspec/core/example_group.rb:624:in `run_examples'
  rspec-core (3.7.1) lib/rspec/core/example_group.rb:590:in `run'
  rspec-core (3.7.1) lib/rspec/core/runner.rb:118:in `block (3 levels) in run_specs'
  rspec-core (3.7.1) lib/rspec/core/runner.rb:118:in `map'
  rspec-core (3.7.1) lib/rspec/core/runner.rb:118:in `block (2 levels) in run_specs'
  rspec-core (3.7.1) lib/rspec/core/configuration.rb:1926:in `with_suite_hooks'
  rspec-core (3.7.1) lib/rspec/core/runner.rb:113:in `block in run_specs'
  rspec-core (3.7.1) lib/rspec/core/reporter.rb:79:in `report'
  rspec-core (3.7.1) lib/rspec/core/runner.rb:112:in `run_specs'
  rspec-core (3.7.1) lib/rspec/core/runner.rb:87:in `run'
  rspec-core (3.7.1) lib/rspec/core/runner.rb:71:in `run'
  rspec-core (3.7.1) lib/rspec/core/runner.rb:45:in `invoke'
  rspec-core (3.7.1) exe/rspec:4:in `<main>'


I, [2018-03-07T01:30:57.701318 #33064]  INFO -- : Started POST "/mailgun" for 127.0.0.1 at 2018-03-07 01:30:57 +0200
F, [2018-03-07T01:30:57.702207 #33064] FATAL -- : 
ActionController::RoutingError (No route matches [POST] "/mailgun"):
  actionpack (4.2.10) lib/action_dispatch/middleware/debug_exceptions.rb:21:in `call'
  actionpack (4.2.10) lib/action_dispatch/middleware/show_exceptions.rb:30:in `call'
  railties (4.2.10) lib/rails/rack/logger.rb:38:in `call_app'
  railties (4.2.10) lib/rails/rack/logger.rb:22:in `call'
  actionpack (4.2.10) lib/action_dispatch/middleware/request_id.rb:21:in `call'
  rack (1.6.9) lib/rack/methodoverride.rb:22:in `call'
  rack (1.6.9) lib/rack/runtime.rb:18:in `call'
  activesupport (4.2.10) lib/active_support/cache/strategy/local_cache_middleware.rb:28:in `call'
  rack (1.6.9) lib/rack/lock.rb:17:in `call'
  actionpack (4.2.10) lib/action_dispatch/middleware/static.rb:120:in `call'
  rack (1.6.9) lib/rack/sendfile.rb:113:in `call'
  railties (4.2.10) lib/rails/engine.rb:518:in `call'
  railties (4.2.10) lib/rails/application.rb:165:in `call'
  railties (4.2.10) lib/rails/railtie.rb:194:in `public_send'
  railties (4.2.10) lib/rails/railtie.rb:194:in `method_missing'
  rack-test (0.6.3) lib/rack/mock_session.rb:30:in `request'
  rack-test (0.6.3) lib/rack/test.rb:244:in `process_request'
  rack-test (0.6.3) lib/rack/test.rb:67:in `post'
  spec/integration/rails/rails_spec.rb:21:in `block (2 levels) in <top (required)>'
  rspec-core (3.7.1) lib/rspec/core/example.rb:447:in `instance_exec'
  rspec-core (3.7.1) lib/rspec/core/example.rb:447:in `instance_exec'
  rspec-core (3.7.1) lib/rspec/core/hooks.rb:350:in `run'
  rspec-core (3.7.1) lib/rspec/core/hooks.rb:509:in `block in run_owned_hooks_for'
  rspec-core (3.7.1) lib/rspec/core/hooks.rb:508:in `each'
  rspec-core (3.7.1) lib/rspec/core/hooks.rb:508:in `run_owned_hooks_for'
  rspec-core (3.7.1) lib/rspec/core/hooks.rb:595:in `block in run_example_hooks_for'
  rspec-core (3.7.1) lib/rspec/core/hooks.rb:594:in `reverse_each'
  rspec-core (3.7.1) lib/rspec/core/hooks.rb:594:in `run_example_hooks_for'
  rspec-core (3.7.1) lib/rspec/core/hooks.rb:464:in `run'
  rspec-core (3.7.1) lib/rspec/core/example.rb:494:in `run_before_example'
  rspec-core (3.7.1) lib/rspec/core/example.rb:253:in `block in run'
  rspec-core (3.7.1) lib/rspec/core/example.rb:500:in `block in with_around_and_singleton_context_hooks'
  rspec-core (3.7.1) lib/rspec/core/example.rb:457:in `block in with_around_example_hooks'
  rspec-core (3.7.1) lib/rspec/core/hooks.rb:466:in `block in run'
  rspec-core (3.7.1) lib/rspec/core/hooks.rb:604:in `run_around_example_hooks_for'
  rspec-core (3.7.1) lib/rspec/core/hooks.rb:466:in `run'
  rspec-core (3.7.1) lib/rspec/core/example.rb:457:in `with_around_example_hooks'
  rspec-core (3.7.1) lib/rspec/core/example.rb:500:in `with_around_and_singleton_context_hooks'
  rspec-core (3.7.1) lib/rspec/core/example.rb:251:in `run'
  rspec-core (3.7.1) lib/rspec/core/example_group.rb:628:in `block in run_examples'
  rspec-core (3.7.1) lib/rspec/core/example_group.rb:624:in `map'
  rspec-core (3.7.1) lib/rspec/core/example_group.rb:624:in `run_examples'
  rspec-core (3.7.1) lib/rspec/core/example_group.rb:590:in `run'
  rspec-core (3.7.1) lib/rspec/core/runner.rb:118:in `block (3 levels) in run_specs'
  rspec-core (3.7.1) lib/rspec/core/runner.rb:118:in `map'
  rspec-core (3.7.1) lib/rspec/core/runner.rb:118:in `block (2 levels) in run_specs'
  rspec-core (3.7.1) lib/rspec/core/configuration.rb:1926:in `with_suite_hooks'
  rspec-core (3.7.1) lib/rspec/core/runner.rb:113:in `block in run_specs'
  rspec-core (3.7.1) lib/rspec/core/reporter.rb:79:in `report'
  rspec-core (3.7.1) lib/rspec/core/runner.rb:112:in `run_specs'
  rspec-core (3.7.1) lib/rspec/core/runner.rb:87:in `run'
  rspec-core (3.7.1) lib/rspec/core/runner.rb:71:in `run'
  rspec-core (3.7.1) lib/rspec/core/runner.rb:45:in `invoke'
  rspec-core (3.7.1) exe/rspec:4:in `<main>'


I, [2018-03-07T01:31:33.571895 #33074]  INFO -- : Started POST "/mailgun" for 127.0.0.1 at 2018-03-07 01:31:33 +0200
